[2013-12-30 15:43:55] myapp.INFO: Matched route "index_index" (parameters: "_controller": "index.controller:indexAction", "_route": "index_index") [] []
[2013-12-30 15:43:55] myapp.INFO: > GET / [] []
[2013-12-30 15:43:55] myapp.CRITICAL: Twig_Error_Loader: Template "index/index.twig" is not defined (). (uncaught exception) at /mnt/project/vendor/twig/twig/lib/Twig/Loader/Chain.php line 115 {"exception":"[object] (Twig_Error_Loader: Template \"index/index.twig\" is not defined (). at /mnt/project/vendor/twig/twig/lib/Twig/Loader/Chain.php:115)"} []
[2013-12-30 15:43:55] myapp.INFO: < 500 [] []
[2013-12-30 15:44:29] myapp.INFO: Matched route "index_index" (parameters: "_controller": "index.controller:indexAction", "_route": "index_index") [] []
[2013-12-30 15:44:29] myapp.INFO: > GET / [] []
[2013-12-30 15:44:29] myapp.CRITICAL: Twig_Error_Loader: Template "index/index.twig" is not defined (). (uncaught exception) at /mnt/project/vendor/twig/twig/lib/Twig/Loader/Chain.php line 115 {"exception":"[object] (Twig_Error_Loader: Template \"index/index.twig\" is not defined (). at /mnt/project/vendor/twig/twig/lib/Twig/Loader/Chain.php:115)"} []
[2013-12-30 15:44:29] myapp.INFO: < 500 [] []
[2013-12-30 15:45:25] myapp.INFO: Matched route "index_index" (parameters: "_controller": "index.controller:indexAction", "_route": "index_index") [] []
[2013-12-30 15:45:25] myapp.INFO: > GET / [] []
[2013-12-30 15:45:25] myapp.CRITICAL: Twig_Error_Loader: Template "index/index.twig" is not defined (). (uncaught exception) at /mnt/project/vendor/twig/twig/lib/Twig/Loader/Chain.php line 115 {"exception":"[object] (Twig_Error_Loader: Template \"index/index.twig\" is not defined (). at /mnt/project/vendor/twig/twig/lib/Twig/Loader/Chain.php:115)"} []
[2013-12-30 15:45:25] myapp.INFO: < 500 [] []
[2013-12-30 15:45:37] myapp.INFO: Matched route "index_index" (parameters: "_controller": "index.controller:indexAction", "_route": "index_index") [] []
[2013-12-30 15:45:37] myapp.INFO: > GET / [] []
[2013-12-30 15:45:37] myapp.CRITICAL: Twig_Error_Loader: Template "index/index.twig" is not defined (). (uncaught exception) at /mnt/project/vendor/twig/twig/lib/Twig/Loader/Chain.php line 115 {"exception":"[object] (Twig_Error_Loader: Template \"index/index.twig\" is not defined (). at /mnt/project/vendor/twig/twig/lib/Twig/Loader/Chain.php:115)"} []
[2013-12-30 15:45:37] myapp.INFO: < 500 [] []
[2013-12-30 15:47:08] myapp.INFO: Matched route "index_index" (parameters: "_controller": "index.controller:indexAction", "_route": "index_index") [] []
[2013-12-30 15:47:08] myapp.INFO: > GET / [] []
[2013-12-30 15:47:08] myapp.CRITICAL: Twig_Error_Loader: Template "index/index.twig" is not defined (). (uncaught exception) at /mnt/project/vendor/twig/twig/lib/Twig/Loader/Chain.php line 115 {"exception":"[object] (Twig_Error_Loader: Template \"index/index.twig\" is not defined (). at /mnt/project/vendor/twig/twig/lib/Twig/Loader/Chain.php:115)"} []
[2013-12-30 15:47:08] myapp.INFO: < 500 [] []
[2013-12-30 15:47:53] myapp.INFO: Matched route "index_index" (parameters: "_controller": "index.controller:indexAction", "_route": "index_index") [] []
[2013-12-30 15:47:53] myapp.INFO: > GET / [] []
[2013-12-30 15:47:53] myapp.CRITICAL: Twig_Error_Loader: Template "index/index.twig" is not defined (). (uncaught exception) at /mnt/project/vendor/twig/twig/lib/Twig/Loader/Chain.php line 115 {"exception":"[object] (Twig_Error_Loader: Template \"index/index.twig\" is not defined (). at /mnt/project/vendor/twig/twig/lib/Twig/Loader/Chain.php:115)"} []
[2013-12-30 15:47:53] myapp.INFO: < 500 [] []
[2013-12-30 15:48:37] myapp.INFO: Matched route "index_index" (parameters: "_controller": "index.controller:indexAction", "_route": "index_index") [] []
[2013-12-30 15:48:37] myapp.INFO: > GET / [] []
[2013-12-30 15:48:37] myapp.CRITICAL: Twig_Error_Loader: Template "index/index.twig" is not defined (). (uncaught exception) at /mnt/project/vendor/twig/twig/lib/Twig/Loader/Chain.php line 115 {"exception":"[object] (Twig_Error_Loader: Template \"index/index.twig\" is not defined (). at /mnt/project/vendor/twig/twig/lib/Twig/Loader/Chain.php:115)"} []
[2013-12-30 15:48:37] myapp.INFO: < 500 [] []
[2013-12-30 15:49:34] myapp.INFO: Matched route "index_index" (parameters: "_controller": "index.controller:indexAction", "_route": "index_index") [] []
[2013-12-30 15:49:34] myapp.INFO: > GET / [] []
[2013-12-30 15:49:34] myapp.CRITICAL: Twig_Error_Loader: Template "index/index.twig" is not defined (). (uncaught exception) at /mnt/project/vendor/twig/twig/lib/Twig/Loader/Chain.php line 115 {"exception":"[object] (Twig_Error_Loader: Template \"index/index.twig\" is not defined (). at /mnt/project/vendor/twig/twig/lib/Twig/Loader/Chain.php:115)"} []
[2013-12-30 15:49:34] myapp.INFO: < 500 [] []
[2013-12-30 15:49:54] myapp.INFO: Matched route "index_index" (parameters: "_controller": "index.controller:indexAction", "_route": "index_index") [] []
[2013-12-30 15:49:54] myapp.INFO: > GET / [] []
[2013-12-30 15:49:54] myapp.CRITICAL: Twig_Error_Loader: Template "index/index.twig" is not defined (). (uncaught exception) at /mnt/project/vendor/twig/twig/lib/Twig/Loader/Chain.php line 115 {"exception":"[object] (Twig_Error_Loader: Template \"index/index.twig\" is not defined (). at /mnt/project/vendor/twig/twig/lib/Twig/Loader/Chain.php:115)"} []
[2013-12-30 15:49:54] myapp.INFO: < 500 [] []
[2013-12-30 15:50:21] myapp.INFO: Matched route "index_index" (parameters: "_controller": "index.controller:indexAction", "_route": "index_index") [] []
[2013-12-30 15:50:21] myapp.INFO: > GET / [] []
[2013-12-30 15:50:21] myapp.CRITICAL: Twig_Error_Loader: Template "index/index.twig" is not defined (). (uncaught exception) at /mnt/project/vendor/twig/twig/lib/Twig/Loader/Chain.php line 115 {"exception":"[object] (Twig_Error_Loader: Template \"index/index.twig\" is not defined (). at /mnt/project/vendor/twig/twig/lib/Twig/Loader/Chain.php:115)"} []
[2013-12-30 15:50:21] myapp.INFO: < 500 [] []
[2013-12-30 15:55:46] myapp.INFO: Matched route "index_footer" (parameters: "_controller": "index.controller:footerAction", "_route": "index_footer") [] []
[2013-12-30 15:55:46] myapp.INFO: > GET /footer [] []
[2013-12-30 15:55:46] myapp.CRITICAL: Twig_Error_Loader: Template "_footer.twig" is not defined (). (uncaught exception) at /mnt/project/vendor/twig/twig/lib/Twig/Loader/Chain.php line 115 {"exception":"[object] (Twig_Error_Loader: Template \"_footer.twig\" is not defined (). at /mnt/project/vendor/twig/twig/lib/Twig/Loader/Chain.php:115)"} []
[2013-12-30 15:55:46] myapp.INFO: < 500 [] []
[2013-12-30 16:01:48] myapp.INFO: Matched route "index_index" (parameters: "_controller": "index.controller:indexAction", "_route": "index_index") [] []
[2013-12-30 16:01:48] myapp.INFO: > GET / [] []
[2013-12-30 16:01:48] myapp.CRITICAL: Twig_Error_Loader: The "/mnt/project/resources/config/../resources/templates" directory does not exist. (uncaught exception) at /mnt/project/vendor/twig/twig/lib/Twig/Loader/Filesystem.php line 93 {"exception":"[object] (Twig_Error_Loader: The \"/mnt/project/resources/config/../resources/templates\" directory does not exist. at /mnt/project/vendor/twig/twig/lib/Twig/Loader/Filesystem.php:93)"} []
[2013-12-30 16:01:48] myapp.INFO: < 500 [] []
[2013-12-30 16:02:34] myapp.INFO: Matched route "index_index" (parameters: "_controller": "index.controller:indexAction", "_route": "index_index") [] []
[2013-12-30 16:02:34] myapp.INFO: > GET / [] []
[2013-12-30 16:02:34] myapp.CRITICAL: Twig_Error_Loader: The "/mnt/project/resources/config/../resources/templates" directory does not exist. (uncaught exception) at /mnt/project/vendor/twig/twig/lib/Twig/Loader/Filesystem.php line 93 {"exception":"[object] (Twig_Error_Loader: The \"/mnt/project/resources/config/../resources/templates\" directory does not exist. at /mnt/project/vendor/twig/twig/lib/Twig/Loader/Filesystem.php:93)"} []
[2013-12-30 16:02:34] myapp.INFO: < 500 [] []
[2013-12-30 16:02:59] myapp.INFO: Matched route "index_index" (parameters: "_controller": "index.controller:indexAction", "_route": "index_index") [] []
[2013-12-30 16:02:59] myapp.INFO: > GET / [] []
[2013-12-30 16:03:00] myapp.INFO: < 200 [] []
[2013-12-30 16:03:00] myapp.ERROR: Symfony\Component\HttpKernel\Exception\NotFoundHttpException: No route found for "GET /css/styles/styles.css" (from "http://monkeyphp.com.local/") (uncaught exception) at /mnt/project/vendor/symfony/http-kernel/Symfony/Component/HttpKernel/EventListener/RouterListener.php line 144 {"exception":"[object] (Symfony\\Component\\HttpKernel\\Exception\\NotFoundHttpException: No route found for \"GET /css/styles/styles.css\" (from \"http://monkeyphp.com.local/\") at /mnt/project/vendor/symfony/http-kernel/Symfony/Component/HttpKernel/EventListener/RouterListener.php:144, Symfony\\Component\\Routing\\Exception\\ResourceNotFoundException:  at /mnt/project/vendor/symfony/routing/Symfony/Component/Routing/Matcher/UrlMatcher.php:96)"} []
[2013-12-30 16:03:00] myapp.INFO: < 404 [] []
[2013-12-30 16:05:02] myapp.INFO: Matched route "index_index" (parameters: "_controller": "index.controller:indexAction", "_route": "index_index") [] []
[2013-12-30 16:05:02] myapp.INFO: > GET / [] []
[2013-12-30 16:05:02] myapp.INFO: < 200 [] []
[2013-12-30 16:05:02] myapp.ERROR: Symfony\Component\HttpKernel\Exception\NotFoundHttpException: No route found for "GET /css/styles/styles.css" (from "http://monkeyphp.com.local/") (uncaught exception) at /mnt/project/vendor/symfony/http-kernel/Symfony/Component/HttpKernel/EventListener/RouterListener.php line 144 {"exception":"[object] (Symfony\\Component\\HttpKernel\\Exception\\NotFoundHttpException: No route found for \"GET /css/styles/styles.css\" (from \"http://monkeyphp.com.local/\") at /mnt/project/vendor/symfony/http-kernel/Symfony/Component/HttpKernel/EventListener/RouterListener.php:144, Symfony\\Component\\Routing\\Exception\\ResourceNotFoundException:  at /mnt/project/vendor/symfony/routing/Symfony/Component/Routing/Matcher/UrlMatcher.php:96)"} []
[2013-12-30 16:05:02] myapp.INFO: < 404 [] []
[2013-12-30 17:10:22] myapp.INFO: Matched route "index_index" (parameters: "_controller": "index.controller:indexAction", "_route": "index_index") [] []
[2013-12-30 17:10:22] myapp.INFO: > GET / [] []
[2013-12-30 17:10:22] myapp.INFO: < 200 [] []
[2013-12-30 17:10:23] myapp.ERROR: Symfony\Component\HttpKernel\Exception\NotFoundHttpException: No route found for "GET /css/styles/styles.css" (from "http://monkeyphp.com.local/") (uncaught exception) at /mnt/project/vendor/symfony/http-kernel/Symfony/Component/HttpKernel/EventListener/RouterListener.php line 144 {"exception":"[object] (Symfony\\Component\\HttpKernel\\Exception\\NotFoundHttpException: No route found for \"GET /css/styles/styles.css\" (from \"http://monkeyphp.com.local/\") at /mnt/project/vendor/symfony/http-kernel/Symfony/Component/HttpKernel/EventListener/RouterListener.php:144, Symfony\\Component\\Routing\\Exception\\ResourceNotFoundException:  at /mnt/project/vendor/symfony/routing/Symfony/Component/Routing/Matcher/UrlMatcher.php:96)"} []
[2013-12-30 17:10:23] myapp.INFO: < 404 [] []
[2013-12-30 17:11:15] myapp.INFO: Matched route "index_index" (parameters: "_controller": "index.controller:indexAction", "_route": "index_index") [] []
[2013-12-30 17:11:15] myapp.INFO: > GET / [] []
[2013-12-30 17:11:15] myapp.INFO: < 200 [] []
[2013-12-30 17:17:33] myapp.INFO: Matched route "index_index" (parameters: "_controller": "index.controller:indexAction", "_route": "index_index") [] []
[2013-12-30 17:17:33] myapp.INFO: > GET / [] []
[2013-12-30 17:17:33] myapp.CRITICAL: Symfony\Component\Debug\Exception\DummyException:  (uncaught exception) at /mnt/project/vendor/symfony/debug/Symfony/Component/Debug/ErrorHandler.php line 174 {"exception":"[object] (Symfony\\Component\\Debug\\Exception\\DummyException:  at /mnt/project/vendor/symfony/debug/Symfony/Component/Debug/ErrorHandler.php:174)"} []
[2013-12-30 17:17:33] myapp.INFO: < 500 [] []
[2013-12-30 17:18:35] myapp.INFO: Matched route "index_index" (parameters: "_controller": "index.controller:indexAction", "_route": "index_index") [] []
[2013-12-30 17:18:35] myapp.INFO: > GET / [] []
[2013-12-30 17:18:35] myapp.INFO: < 200 [] []
[2013-12-30 17:18:35] myapp.ERROR: Symfony\Component\HttpKernel\Exception\NotFoundHttpException: No route found for "GET /css/styles/styles.css" (from "http://monkeyphp.com.local/") (uncaught exception) at /mnt/project/vendor/symfony/http-kernel/Symfony/Component/HttpKernel/EventListener/RouterListener.php line 144 {"exception":"[object] (Symfony\\Component\\HttpKernel\\Exception\\NotFoundHttpException: No route found for \"GET /css/styles/styles.css\" (from \"http://monkeyphp.com.local/\") at /mnt/project/vendor/symfony/http-kernel/Symfony/Component/HttpKernel/EventListener/RouterListener.php:144, Symfony\\Component\\Routing\\Exception\\ResourceNotFoundException:  at /mnt/project/vendor/symfony/routing/Symfony/Component/Routing/Matcher/UrlMatcher.php:96)"} []
[2013-12-30 17:18:35] myapp.INFO: < 404 [] []
[2013-12-30 17:20:47] myapp.INFO: Matched route "index_index" (parameters: "_controller": "index.controller:indexAction", "_route": "index_index") [] []
[2013-12-30 17:20:47] myapp.INFO: > GET / [] []
[2013-12-30 17:20:47] myapp.INFO: < 200 [] []
[2013-12-30 17:20:47] myapp.ERROR: Symfony\Component\HttpKernel\Exception\NotFoundHttpException: No route found for "GET /css/styles/styles.css" (from "http://monkeyphp.com.local/") (uncaught exception) at /mnt/project/vendor/symfony/http-kernel/Symfony/Component/HttpKernel/EventListener/RouterListener.php line 144 {"exception":"[object] (Symfony\\Component\\HttpKernel\\Exception\\NotFoundHttpException: No route found for \"GET /css/styles/styles.css\" (from \"http://monkeyphp.com.local/\") at /mnt/project/vendor/symfony/http-kernel/Symfony/Component/HttpKernel/EventListener/RouterListener.php:144, Symfony\\Component\\Routing\\Exception\\ResourceNotFoundException:  at /mnt/project/vendor/symfony/routing/Symfony/Component/Routing/Matcher/UrlMatcher.php:96)"} []
[2013-12-30 17:20:47] myapp.INFO: < 404 [] []
[2013-12-30 17:23:12] myapp.INFO: Matched route "index_index" (parameters: "_controller": "index.controller:indexAction", "_route": "index_index") [] []
[2013-12-30 17:23:12] myapp.INFO: > GET / [] []
[2013-12-30 17:23:12] myapp.INFO: < 200 [] []
[2013-12-30 17:23:12] myapp.ERROR: Symfony\Component\HttpKernel\Exception\NotFoundHttpException: No route found for "GET /css/styles/styles.css" (from "http://monkeyphp.com.local/") (uncaught exception) at /mnt/project/vendor/symfony/http-kernel/Symfony/Component/HttpKernel/EventListener/RouterListener.php line 144 {"exception":"[object] (Symfony\\Component\\HttpKernel\\Exception\\NotFoundHttpException: No route found for \"GET /css/styles/styles.css\" (from \"http://monkeyphp.com.local/\") at /mnt/project/vendor/symfony/http-kernel/Symfony/Component/HttpKernel/EventListener/RouterListener.php:144, Symfony\\Component\\Routing\\Exception\\ResourceNotFoundException:  at /mnt/project/vendor/symfony/routing/Symfony/Component/Routing/Matcher/UrlMatcher.php:96)"} []
[2013-12-30 17:23:12] myapp.INFO: < 404 [] []
[2013-12-30 17:25:18] myapp.INFO: Matched route "index_index" (parameters: "_controller": "index.controller:indexAction", "_route": "index_index") [] []
[2013-12-30 17:25:18] myapp.INFO: > GET / [] []
[2013-12-30 17:25:18] myapp.INFO: < 200 [] []
[2013-12-30 17:25:18] myapp.ERROR: Symfony\Component\HttpKernel\Exception\NotFoundHttpException: No route found for "GET /css/styles.css" (from "http://monkeyphp.com.local/") (uncaught exception) at /mnt/project/vendor/symfony/http-kernel/Symfony/Component/HttpKernel/EventListener/RouterListener.php line 144 {"exception":"[object] (Symfony\\Component\\HttpKernel\\Exception\\NotFoundHttpException: No route found for \"GET /css/styles.css\" (from \"http://monkeyphp.com.local/\") at /mnt/project/vendor/symfony/http-kernel/Symfony/Component/HttpKernel/EventListener/RouterListener.php:144, Symfony\\Component\\Routing\\Exception\\ResourceNotFoundException:  at /mnt/project/vendor/symfony/routing/Symfony/Component/Routing/Matcher/UrlMatcher.php:96)"} []
[2013-12-30 17:25:18] myapp.INFO: < 404 [] []
[2013-12-30 17:27:57] myapp.INFO: Matched route "index_index" (parameters: "_controller": "index.controller:indexAction", "_route": "index_index") [] []
[2013-12-30 17:27:57] myapp.INFO: > GET / [] []
[2013-12-30 17:27:57] myapp.INFO: < 200 [] []
[2013-12-30 17:27:57] myapp.ERROR: Symfony\Component\HttpKernel\Exception\NotFoundHttpException: No route found for "GET /css/styles.css" (from "http://monkeyphp.com.local/") (uncaught exception) at /mnt/project/vendor/symfony/http-kernel/Symfony/Component/HttpKernel/EventListener/RouterListener.php line 144 {"exception":"[object] (Symfony\\Component\\HttpKernel\\Exception\\NotFoundHttpException: No route found for \"GET /css/styles.css\" (from \"http://monkeyphp.com.local/\") at /mnt/project/vendor/symfony/http-kernel/Symfony/Component/HttpKernel/EventListener/RouterListener.php:144, Symfony\\Component\\Routing\\Exception\\ResourceNotFoundException:  at /mnt/project/vendor/symfony/routing/Symfony/Component/Routing/Matcher/UrlMatcher.php:96)"} []
[2013-12-30 17:27:57] myapp.INFO: < 404 [] []
[2013-12-30 17:36:33] myapp.INFO: Matched route "index_index" (parameters: "_controller": "index.controller:indexAction", "_route": "index_index") [] []
[2013-12-30 17:36:33] myapp.INFO: > GET / [] []
[2013-12-30 17:36:33] myapp.CRITICAL: InvalidArgumentException: Identifier "assetic.path_to_web" is not defined. (uncaught exception) at /mnt/project/vendor/pimple/pimple/lib/Pimple.php line 78 {"exception":"[object] (InvalidArgumentException: Identifier \"assetic.path_to_web\" is not defined. at /mnt/project/vendor/pimple/pimple/lib/Pimple.php:78)"} []
[2013-12-30 17:36:33] myapp.INFO: < 500 [] []
[2013-12-30 17:37:58] myapp.INFO: Matched route "index_index" (parameters: "_controller": "index.controller:indexAction", "_route": "index_index") [] []
[2013-12-30 17:37:58] myapp.INFO: > GET / [] []
[2013-12-30 17:37:58] myapp.INFO: < 200 [] []
[2013-12-30 17:37:59] myapp.ERROR: Symfony\Component\HttpKernel\Exception\NotFoundHttpException: No route found for "GET /css/styles.css" (from "http://monkeyphp.com.local/") (uncaught exception) at /mnt/project/vendor/symfony/http-kernel/Symfony/Component/HttpKernel/EventListener/RouterListener.php line 144 {"exception":"[object] (Symfony\\Component\\HttpKernel\\Exception\\NotFoundHttpException: No route found for \"GET /css/styles.css\" (from \"http://monkeyphp.com.local/\") at /mnt/project/vendor/symfony/http-kernel/Symfony/Component/HttpKernel/EventListener/RouterListener.php:144, Symfony\\Component\\Routing\\Exception\\ResourceNotFoundException:  at /mnt/project/vendor/symfony/routing/Symfony/Component/Routing/Matcher/UrlMatcher.php:96)"} []
[2013-12-30 17:37:59] myapp.INFO: < 404 [] []
[2013-12-30 17:40:21] myapp.INFO: Matched route "index_index" (parameters: "_controller": "index.controller:indexAction", "_route": "index_index") [] []
[2013-12-30 17:40:21] myapp.INFO: > GET / [] []
[2013-12-30 17:40:38] myapp.INFO: Matched route "index_index" (parameters: "_controller": "index.controller:indexAction", "_route": "index_index") [] []
[2013-12-30 17:40:38] myapp.INFO: > GET / [] []
[2013-12-30 17:40:38] myapp.INFO: < 200 [] []
[2013-12-30 17:40:38] myapp.ERROR: Symfony\Component\HttpKernel\Exception\NotFoundHttpException: No route found for "GET /css/styles.css" (from "http://monkeyphp.com.local/") (uncaught exception) at /mnt/project/vendor/symfony/http-kernel/Symfony/Component/HttpKernel/EventListener/RouterListener.php line 144 {"exception":"[object] (Symfony\\Component\\HttpKernel\\Exception\\NotFoundHttpException: No route found for \"GET /css/styles.css\" (from \"http://monkeyphp.com.local/\") at /mnt/project/vendor/symfony/http-kernel/Symfony/Component/HttpKernel/EventListener/RouterListener.php:144, Symfony\\Component\\Routing\\Exception\\ResourceNotFoundException:  at /mnt/project/vendor/symfony/routing/Symfony/Component/Routing/Matcher/UrlMatcher.php:96)"} []
[2013-12-30 17:40:38] myapp.INFO: < 404 [] []
[2013-12-30 17:42:34] myapp.INFO: Matched route "index_index" (parameters: "_controller": "index.controller:indexAction", "_route": "index_index") [] []
[2013-12-30 17:42:34] myapp.INFO: > GET / [] []
[2013-12-30 17:43:37] myapp.INFO: Matched route "index_index" (parameters: "_controller": "index.controller:indexAction", "_route": "index_index") [] []
[2013-12-30 17:43:38] myapp.INFO: > GET / [] []
[2013-12-30 17:43:42] myapp.INFO: Matched route "index_index" (parameters: "_controller": "index.controller:indexAction", "_route": "index_index") [] []
[2013-12-30 17:43:42] myapp.INFO: > GET / [] []
[2013-12-30 17:43:49] myapp.INFO: Matched route "index_index" (parameters: "_controller": "index.controller:indexAction", "_route": "index_index") [] []
[2013-12-30 17:43:49] myapp.INFO: > GET / [] []
[2013-12-30 17:44:04] myapp.INFO: Matched route "index_index" (parameters: "_controller": "index.controller:indexAction", "_route": "index_index") [] []
[2013-12-30 17:44:04] myapp.INFO: > GET / [] []
[2013-12-30 17:44:18] myapp.INFO: Matched route "index_index" (parameters: "_controller": "index.controller:indexAction", "_route": "index_index") [] []
[2013-12-30 17:44:18] myapp.INFO: > GET / [] []
[2013-12-30 17:45:31] myapp.INFO: Matched route "index_index" (parameters: "_controller": "index.controller:indexAction", "_route": "index_index") [] []
[2013-12-30 17:45:31] myapp.INFO: > GET / [] []
[2013-12-30 17:46:40] myapp.INFO: Matched route "index_index" (parameters: "_controller": "index.controller:indexAction", "_route": "index_index") [] []
[2013-12-30 17:46:40] myapp.INFO: > GET / [] []
[2013-12-30 17:46:58] myapp.INFO: Matched route "index_index" (parameters: "_controller": "index.controller:indexAction", "_route": "index_index") [] []
[2013-12-30 17:46:58] myapp.INFO: > GET / [] []
[2013-12-30 17:47:39] myapp.INFO: Matched route "index_index" (parameters: "_controller": "index.controller:indexAction", "_route": "index_index") [] []
[2013-12-30 17:47:39] myapp.INFO: > GET / [] []
[2013-12-30 17:47:47] myapp.INFO: Matched route "index_index" (parameters: "_controller": "index.controller:indexAction", "_route": "index_index") [] []
[2013-12-30 17:47:47] myapp.INFO: > GET / [] []
[2013-12-30 17:47:47] myapp.INFO: < 200 [] []
[2013-12-30 17:49:54] myapp.INFO: Matched route "index_index" (parameters: "_controller": "index.controller:indexAction", "_route": "index_index") [] []
[2013-12-30 17:49:54] myapp.INFO: > GET / [] []
[2013-12-30 17:50:00] myapp.INFO: Matched route "index_index" (parameters: "_controller": "index.controller:indexAction", "_route": "index_index") [] []
[2013-12-30 17:50:00] myapp.INFO: > GET / [] []
[2013-12-30 17:51:24] myapp.INFO: Matched route "index_index" (parameters: "_controller": "index.controller:indexAction", "_route": "index_index") [] []
[2013-12-30 17:51:24] myapp.INFO: > GET / [] []
[2013-12-30 17:52:39] myapp.INFO: Matched route "index_index" (parameters: "_controller": "index.controller:indexAction", "_route": "index_index") [] []
[2013-12-30 17:52:39] myapp.INFO: > GET / [] []
[2013-12-30 19:12:00] myapp.INFO: Matched route "index_index" (parameters: "_controller": "index.controller:indexAction", "_route": "index_index") [] []
[2013-12-30 19:12:00] myapp.INFO: > GET / [] []
[2013-12-30 19:13:18] myapp.INFO: Matched route "index_index" (parameters: "_controller": "index.controller:indexAction", "_route": "index_index") [] []
[2013-12-30 19:13:18] myapp.INFO: > GET / [] []
[2013-12-30 19:13:38] myapp.INFO: Matched route "index_index" (parameters: "_controller": "index.controller:indexAction", "_route": "index_index") [] []
[2013-12-30 19:13:38] myapp.INFO: > GET / [] []
[2013-12-30 19:14:09] myapp.INFO: Matched route "index_index" (parameters: "_controller": "index.controller:indexAction", "_route": "index_index") [] []
[2013-12-30 19:14:09] myapp.INFO: > GET / [] []
[2013-12-30 19:14:45] myapp.INFO: Matched route "index_index" (parameters: "_controller": "index.controller:indexAction", "_route": "index_index") [] []
[2013-12-30 19:14:45] myapp.INFO: > GET / [] []
[2013-12-30 19:14:45] myapp.INFO: < 200 [] []
[2013-12-30 19:14:46] myapp.ERROR: Symfony\Component\HttpKernel\Exception\NotFoundHttpException: No route found for "GET /favicon.ico" (uncaught exception) at /mnt/project/vendor/symfony/http-kernel/Symfony/Component/HttpKernel/EventListener/RouterListener.php line 144 {"exception":"[object] (Symfony\\Component\\HttpKernel\\Exception\\NotFoundHttpException: No route found for \"GET /favicon.ico\" at /mnt/project/vendor/symfony/http-kernel/Symfony/Component/HttpKernel/EventListener/RouterListener.php:144, Symfony\\Component\\Routing\\Exception\\ResourceNotFoundException:  at /mnt/project/vendor/symfony/routing/Symfony/Component/Routing/Matcher/UrlMatcher.php:96)"} []
[2013-12-30 19:14:46] myapp.INFO: < 404 [] []
[2013-12-30 19:15:26] myapp.INFO: Matched route "index_index" (parameters: "_controller": "index.controller:indexAction", "_route": "index_index") [] []
[2013-12-30 19:15:26] myapp.INFO: > GET / [] []
[2013-12-30 19:15:32] myapp.INFO: Matched route "index_index" (parameters: "_controller": "index.controller:indexAction", "_route": "index_index") [] []
[2013-12-30 19:15:32] myapp.INFO: > GET / [] []
[2013-12-30 19:17:57] myapp.INFO: Matched route "index_index" (parameters: "_controller": "index.controller:indexAction", "_route": "index_index") [] []
[2013-12-30 19:17:57] myapp.INFO: > GET / [] []
[2013-12-30 19:18:40] myapp.INFO: Matched route "index_index" (parameters: "_controller": "index.controller:indexAction", "_route": "index_index") [] []
[2013-12-30 19:18:40] myapp.INFO: > GET / [] []
[2013-12-30 19:18:40] myapp.INFO: < 200 [] []
[2013-12-30 19:18:54] myapp.INFO: Matched route "index_index" (parameters: "_controller": "index.controller:indexAction", "_route": "index_index") [] []
[2013-12-30 19:18:54] myapp.INFO: > GET / [] []
[2013-12-30 19:18:54] myapp.INFO: < 200 [] []
[2013-12-30 19:19:26] myapp.INFO: Matched route "index_index" (parameters: "_controller": "index.controller:indexAction", "_route": "index_index") [] []
[2013-12-30 19:19:26] myapp.INFO: > GET / [] []
[2013-12-30 19:19:26] myapp.INFO: < 200 [] []
[2013-12-30 19:19:26] myapp.ERROR: Symfony\Component\HttpKernel\Exception\NotFoundHttpException: No route found for "GET /css/styles.css" (from "http://monkeyphp.com.local:8080/") (uncaught exception) at /mnt/project/vendor/symfony/http-kernel/Symfony/Component/HttpKernel/EventListener/RouterListener.php line 144 {"exception":"[object] (Symfony\\Component\\HttpKernel\\Exception\\NotFoundHttpException: No route found for \"GET /css/styles.css\" (from \"http://monkeyphp.com.local:8080/\") at /mnt/project/vendor/symfony/http-kernel/Symfony/Component/HttpKernel/EventListener/RouterListener.php:144, Symfony\\Component\\Routing\\Exception\\ResourceNotFoundException:  at /mnt/project/vendor/symfony/routing/Symfony/Component/Routing/Matcher/UrlMatcher.php:96)"} []
[2013-12-30 19:19:26] myapp.INFO: < 404 [] []
[2013-12-30 19:19:45] myapp.INFO: Matched route "index_index" (parameters: "_controller": "index.controller:indexAction", "_route": "index_index") [] []
[2013-12-30 19:19:45] myapp.INFO: > GET / [] []
[2013-12-30 19:19:46] myapp.INFO: < 200 [] []
[2013-12-30 19:19:46] myapp.ERROR: Symfony\Component\HttpKernel\Exception\NotFoundHttpException: No route found for "GET /assets/css/styles.css" (from "http://monkeyphp.com.local:8080/") (uncaught exception) at /mnt/project/vendor/symfony/http-kernel/Symfony/Component/HttpKernel/EventListener/RouterListener.php line 144 {"exception":"[object] (Symfony\\Component\\HttpKernel\\Exception\\NotFoundHttpException: No route found for \"GET /assets/css/styles.css\" (from \"http://monkeyphp.com.local:8080/\") at /mnt/project/vendor/symfony/http-kernel/Symfony/Component/HttpKernel/EventListener/RouterListener.php:144, Symfony\\Component\\Routing\\Exception\\ResourceNotFoundException:  at /mnt/project/vendor/symfony/routing/Symfony/Component/Routing/Matcher/UrlMatcher.php:96)"} []
[2013-12-30 19:19:46] myapp.INFO: < 404 [] []
[2013-12-30 19:20:12] myapp.INFO: Matched route "index_index" (parameters: "_controller": "index.controller:indexAction", "_route": "index_index") [] []
[2013-12-30 19:20:12] myapp.INFO: > GET / [] []
[2013-12-30 19:20:12] myapp.INFO: < 200 [] []
[2013-12-30 19:20:12] myapp.ERROR: Symfony\Component\HttpKernel\Exception\NotFoundHttpException: No route found for "GET /css/styles.css" (from "http://monkeyphp.com.local:8080/") (uncaught exception) at /mnt/project/vendor/symfony/http-kernel/Symfony/Component/HttpKernel/EventListener/RouterListener.php line 144 {"exception":"[object] (Symfony\\Component\\HttpKernel\\Exception\\NotFoundHttpException: No route found for \"GET /css/styles.css\" (from \"http://monkeyphp.com.local:8080/\") at /mnt/project/vendor/symfony/http-kernel/Symfony/Component/HttpKernel/EventListener/RouterListener.php:144, Symfony\\Component\\Routing\\Exception\\ResourceNotFoundException:  at /mnt/project/vendor/symfony/routing/Symfony/Component/Routing/Matcher/UrlMatcher.php:96)"} []
[2013-12-30 19:20:12] myapp.INFO: < 404 [] []
[2013-12-30 19:20:41] myapp.INFO: Matched route "index_index" (parameters: "_controller": "index.controller:indexAction", "_route": "index_index") [] []
[2013-12-30 19:20:41] myapp.INFO: > GET / [] []
[2013-12-30 19:20:41] myapp.INFO: < 200 [] []
[2013-12-30 19:20:42] myapp.ERROR: Symfony\Component\HttpKernel\Exception\NotFoundHttpException: No route found for "GET /css/styles.css" (from "http://monkeyphp.com.local:8080/") (uncaught exception) at /mnt/project/vendor/symfony/http-kernel/Symfony/Component/HttpKernel/EventListener/RouterListener.php line 144 {"exception":"[object] (Symfony\\Component\\HttpKernel\\Exception\\NotFoundHttpException: No route found for \"GET /css/styles.css\" (from \"http://monkeyphp.com.local:8080/\") at /mnt/project/vendor/symfony/http-kernel/Symfony/Component/HttpKernel/EventListener/RouterListener.php:144, Symfony\\Component\\Routing\\Exception\\ResourceNotFoundException:  at /mnt/project/vendor/symfony/routing/Symfony/Component/Routing/Matcher/UrlMatcher.php:96)"} []
[2013-12-30 19:20:42] myapp.INFO: < 404 [] []
[2013-12-30 19:22:11] myapp.INFO: Matched route "index_index" (parameters: "_controller": "index.controller:indexAction", "_route": "index_index") [] []
[2013-12-30 19:22:11] myapp.INFO: > GET / [] []
[2013-12-30 19:22:11] myapp.INFO: < 200 [] []
[2013-12-30 19:22:11] myapp.ERROR: Symfony\Component\HttpKernel\Exception\NotFoundHttpException: No route found for "GET /assets/css/styles.css" (from "http://monkeyphp.com.local:8080/") (uncaught exception) at /mnt/project/vendor/symfony/http-kernel/Symfony/Component/HttpKernel/EventListener/RouterListener.php line 144 {"exception":"[object] (Symfony\\Component\\HttpKernel\\Exception\\NotFoundHttpException: No route found for \"GET /assets/css/styles.css\" (from \"http://monkeyphp.com.local:8080/\") at /mnt/project/vendor/symfony/http-kernel/Symfony/Component/HttpKernel/EventListener/RouterListener.php:144, Symfony\\Component\\Routing\\Exception\\ResourceNotFoundException:  at /mnt/project/vendor/symfony/routing/Symfony/Component/Routing/Matcher/UrlMatcher.php:96)"} []
[2013-12-30 19:22:11] myapp.INFO: < 404 [] []
[2013-12-30 19:22:24] myapp.ERROR: Symfony\Component\HttpKernel\Exception\NotFoundHttpException: No route found for "GET /assets/css/styles.css" (uncaught exception) at /mnt/project/vendor/symfony/http-kernel/Symfony/Component/HttpKernel/EventListener/RouterListener.php line 144 {"exception":"[object] (Symfony\\Component\\HttpKernel\\Exception\\NotFoundHttpException: No route found for \"GET /assets/css/styles.css\" at /mnt/project/vendor/symfony/http-kernel/Symfony/Component/HttpKernel/EventListener/RouterListener.php:144, Symfony\\Component\\Routing\\Exception\\ResourceNotFoundException:  at /mnt/project/vendor/symfony/routing/Symfony/Component/Routing/Matcher/UrlMatcher.php:96)"} []
[2013-12-30 19:22:24] myapp.INFO: < 404 [] []
[2013-12-30 19:26:31] myapp.INFO: Matched route "index_index" (parameters: "_controller": "index.controller:indexAction", "_route": "index_index") [] []
[2013-12-30 19:26:31] myapp.INFO: > GET / [] []
[2013-12-30 19:26:31] myapp.INFO: < 200 [] []
[2013-12-30 19:28:57] myapp.INFO: Matched route "index_index" (parameters: "_controller": "index.controller:indexAction", "_route": "index_index") [] []
[2013-12-30 19:28:57] myapp.INFO: > GET / [] []
[2013-12-30 19:28:57] myapp.INFO: < 200 [] []
[2013-12-30 19:32:57] myapp.INFO: Matched route "index_index" (parameters: "_controller": "index.controller:indexAction", "_route": "index_index") [] []
[2013-12-30 19:32:57] myapp.INFO: > GET / [] []
[2013-12-30 19:32:57] myapp.INFO: < 200 [] []
[2013-12-30 19:34:45] myapp.INFO: Matched route "index_index" (parameters: "_controller": "index.controller:indexAction", "_route": "index_index") [] []
[2013-12-30 19:34:45] myapp.INFO: > GET / [] []
[2013-12-30 19:34:45] myapp.INFO: < 200 [] []
[2013-12-30 19:34:56] myapp.INFO: Matched route "index_index" (parameters: "_controller": "index.controller:indexAction", "_route": "index_index") [] []
[2013-12-30 19:34:56] myapp.INFO: > GET / [] []
[2013-12-30 19:34:56] myapp.INFO: < 200 [] []
[2013-12-30 19:35:26] myapp.INFO: Matched route "index_index" (parameters: "_controller": "index.controller:indexAction", "_route": "index_index") [] []
[2013-12-30 19:35:26] myapp.INFO: > GET / [] []
[2013-12-30 19:35:26] myapp.INFO: < 200 [] []
[2013-12-30 22:13:47] myapp.INFO: Matched route "index_index" (parameters: "_controller": "index.controller:indexAction", "_route": "index_index") [] []
[2013-12-30 22:13:47] myapp.INFO: > GET / [] []
[2013-12-30 22:13:47] myapp.INFO: < 200 [] []
[2013-12-30 22:13:51] myapp.INFO: Matched route "index_index" (parameters: "_controller": "index.controller:indexAction", "_route": "index_index") [] []
[2013-12-30 22:13:51] myapp.INFO: > GET / [] []
[2013-12-30 22:13:51] myapp.INFO: < 200 [] []
[2013-12-30 22:16:46] myapp.INFO: Matched route "index_index" (parameters: "_controller": "index.controller:indexAction", "_route": "index_index") [] []
[2013-12-30 22:16:46] myapp.INFO: > GET / [] []
[2013-12-30 22:16:46] myapp.INFO: < 200 [] []
[2013-12-30 22:39:38] myapp.INFO: Matched route "index_index" (parameters: "_controller": "index.controller:indexAction", "_route": "index_index") [] []
[2013-12-30 22:39:38] myapp.INFO: > GET / [] []
[2013-12-30 22:39:38] myapp.CRITICAL: Twig_Error_Loader: The "/mnt/project/src/../templates" directory does not exist. (uncaught exception) at /mnt/project/vendor/twig/twig/lib/Twig/Loader/Filesystem.php line 93 {"exception":"[object] (Twig_Error_Loader: The \"/mnt/project/src/../templates\" directory does not exist. at /mnt/project/vendor/twig/twig/lib/Twig/Loader/Filesystem.php:93)"} []
[2013-12-30 22:39:38] myapp.INFO: < 500 [] []
[2013-12-30 22:39:55] myapp.INFO: Matched route "index_index" (parameters: "_controller": "index.controller:indexAction", "_route": "index_index") [] []
[2013-12-30 22:39:55] myapp.INFO: > GET / [] []
[2013-12-30 22:39:55] myapp.CRITICAL: Twig_Error_Loader: The "/mnt/project/src/../templates" directory does not exist. (uncaught exception) at /mnt/project/vendor/twig/twig/lib/Twig/Loader/Filesystem.php line 93 {"exception":"[object] (Twig_Error_Loader: The \"/mnt/project/src/../templates\" directory does not exist. at /mnt/project/vendor/twig/twig/lib/Twig/Loader/Filesystem.php:93)"} []
[2013-12-30 22:39:55] myapp.INFO: < 500 [] []
[2013-12-30 22:40:08] myapp.INFO: Matched route "index_index" (parameters: "_controller": "index.controller:indexAction", "_route": "index_index") [] []
[2013-12-30 22:40:08] myapp.INFO: > GET / [] []
[2013-12-30 22:40:08] myapp.CRITICAL: InvalidArgumentException: Identifier "assetic.path_to_web" is not defined. (uncaught exception) at /mnt/project/vendor/pimple/pimple/lib/Pimple.php line 78 {"exception":"[object] (InvalidArgumentException: Identifier \"assetic.path_to_web\" is not defined. at /mnt/project/vendor/pimple/pimple/lib/Pimple.php:78)"} []
[2013-12-30 22:40:08] myapp.INFO: < 500 [] []
[2013-12-30 22:41:23] myapp.INFO: Matched route "index_index" (parameters: "_controller": "index.controller:indexAction", "_route": "index_index") [] []
[2013-12-30 22:41:23] myapp.INFO: > GET / [] []
[2013-12-30 22:41:23] myapp.CRITICAL: InvalidArgumentException: Identifier "assetic.path_to_web" is not defined. (uncaught exception) at /mnt/project/vendor/pimple/pimple/lib/Pimple.php line 78 {"exception":"[object] (InvalidArgumentException: Identifier \"assetic.path_to_web\" is not defined. at /mnt/project/vendor/pimple/pimple/lib/Pimple.php:78)"} []
[2013-12-30 22:41:23] myapp.INFO: < 500 [] []
[2013-12-30 22:41:54] myapp.INFO: Matched route "index_index" (parameters: "_controller": "index.controller:indexAction", "_route": "index_index") [] []
[2013-12-30 22:41:54] myapp.INFO: > GET / [] []
[2013-12-30 22:41:54] myapp.INFO: < 200 [] []
[2013-12-30 22:42:16] myapp.INFO: Matched route "index_index" (parameters: "_controller": "index.controller:indexAction", "_route": "index_index") [] []
[2013-12-30 22:42:16] myapp.INFO: > GET / [] []
[2013-12-30 22:42:16] myapp.INFO: < 200 [] []
[2013-12-30 22:42:16] myapp.CRITICAL: Symfony\Component\Debug\Exception\DummyException:  (uncaught exception) at /mnt/project/vendor/symfony/debug/Symfony/Component/Debug/ErrorHandler.php line 174 {"exception":"[object] (Symfony\\Component\\Debug\\Exception\\DummyException:  at /mnt/project/vendor/symfony/debug/Symfony/Component/Debug/ErrorHandler.php:174)"} []
[2013-12-30 22:42:16] myapp.INFO: < 500 [] []
[2013-12-30 22:42:40] myapp.INFO: Matched route "index_index" (parameters: "_controller": "index.controller:indexAction", "_route": "index_index") [] []
[2013-12-30 22:42:40] myapp.INFO: > GET / [] []
[2013-12-30 22:42:40] myapp.INFO: < 200 [] []
[2013-12-30 22:42:42] myapp.INFO: Matched route "index_index" (parameters: "_controller": "index.controller:indexAction", "_route": "index_index") [] []
[2013-12-30 22:42:42] myapp.INFO: > GET / [] []
[2013-12-30 22:42:42] myapp.INFO: < 200 [] []
[2013-12-30 22:49:14] myapp.INFO: Matched route "index_index" (parameters: "_controller": "index.controller:indexAction", "_route": "index_index") [] []
[2013-12-30 22:49:14] myapp.INFO: > GET / [] []
[2013-12-30 22:49:14] myapp.INFO: < 200 [] []
[2013-12-30 22:57:00] myapp.INFO: Matched route "index_index" (parameters: "_controller": "index.controller:indexAction", "_route": "index_index") [] []
[2013-12-30 22:57:00] myapp.INFO: > GET / [] []
[2013-12-30 22:57:00] myapp.INFO: < 200 [] []
[2013-12-30 23:06:22] myapp.INFO: Matched route "index_index" (parameters: "_controller": "index.controller:indexAction", "_route": "index_index") [] []
[2013-12-30 23:06:22] myapp.INFO: > GET / [] []
[2013-12-30 23:06:23] myapp.INFO: < 200 [] []
[2013-12-30 23:10:52] myapp.INFO: Matched route "about_index" (parameters: "_controller": "about.controller:indexAction", "_route": "about_index") [] []
[2013-12-30 23:10:52] myapp.INFO: > GET /about [] []
[2013-12-30 23:10:52] myapp.INFO: < 200 [] []
[2013-12-30 23:23:28] myapp.INFO: Matched route "contact_index" (parameters: "_controller": "contact.controller.indexAction", "_route": "contact_index") [] []
[2013-12-30 23:23:28] myapp.INFO: > GET /contact [] []
[2013-12-30 23:23:28] myapp.CRITICAL: InvalidArgumentException: Unable to find controller "contact.controller.indexAction". (uncaught exception) at /mnt/project/vendor/symfony/http-kernel/Symfony/Component/HttpKernel/Controller/ControllerResolver.php line 139 {"exception":"[object] (InvalidArgumentException: Unable to find controller \"contact.controller.indexAction\". at /mnt/project/vendor/symfony/http-kernel/Symfony/Component/HttpKernel/Controller/ControllerResolver.php:139)"} []
[2013-12-30 23:23:28] myapp.INFO: < 500 [] []
[2013-12-30 23:24:05] myapp.INFO: Matched route "contact_index" (parameters: "_controller": "contact.controller:indexAction", "_route": "contact_index") [] []
[2013-12-30 23:24:05] myapp.INFO: > GET /contact [] []
[2013-12-30 23:24:05] myapp.INFO: < 200 [] []
[2013-12-31 09:25:17] myapp.INFO: Matched route "contact_index" (parameters: "_controller": "contact.controller:indexAction", "_route": "contact_index") [] []
[2013-12-31 09:25:17] myapp.INFO: > GET /contact [] []
[2013-12-31 09:25:17] myapp.INFO: < 200 [] []
